app/build/intermediates/manifest_merge_blame_file/debug/manifest-merger-blame-debug-report.txt
1<?xml version="1.0" encoding="utf-8"?>
2<manifest xmlns:android="http://schemas.android.com/apk/res/android"
3    package="com.jarjarblinkz.EvolveLauncher"
4    android:versionCode="2"
5    android:versionName="2.2.0" >
6
7    <uses-sdk
8        android:minSdkVersion="24"
9        android:targetSdkVersion="34" />
10
11    <!-- Internet permission for loading GitHub icons -->
12    <uses-permission android:name="android.permission.ACCESS_WIFI_STATE" />
12-->src\main\AndroidManifest.xml:6:5-76
12-->src\main\AndroidManifest.xml:6:22-73
13    <uses-permission android:name="android.permission.ACCESS_NETWORK_STATE" />
13-->src\main\AndroidManifest.xml:7:5-79
13-->src\main\AndroidManifest.xml:7:22-76
14    <uses-permission android:name="android.permission.INTERNET" />
14-->src\main\AndroidManifest.xml:8:5-67
14-->src\main\AndroidManifest.xml:8:22-64
15
16    <!-- Quest specific permissions -->
17    <uses-permission android:name="com.oculus.permission.HAND_TRACKING" />
17-->src\main\AndroidManifest.xml:11:5-75
17-->src\main\AndroidManifest.xml:11:22-72
18    <uses-permission android:name="com.oculus.permission.EYE_TRACKING" />
18-->src\main\AndroidManifest.xml:12:5-74
18-->src\main\AndroidManifest.xml:12:22-71
19
20    <!-- Required for VR apps -->
21    <uses-feature
21-->src\main\AndroidManifest.xml:15:5-113
22        android:name="android.hardware.vr.headtracking"
22-->src\main\AndroidManifest.xml:15:19-66
23        android:required="true"
23-->src\main\AndroidManifest.xml:15:87-110
24        android:version="1" />
24-->src\main\AndroidManifest.xml:15:67-86
25    <uses-feature
25-->src\main\AndroidManifest.xml:16:5-87
26        android:name="android.software.leanback"
26-->src\main\AndroidManifest.xml:16:19-59
27        android:required="false" />
27-->src\main\AndroidManifest.xml:16:60-84
28
29    <!-- Uninstall Permissions -->
30    <uses-permission android:name="android.permission.REQUEST_DELETE_PACKAGES" />
30-->src\main\AndroidManifest.xml:19:5-82
30-->src\main\AndroidManifest.xml:19:22-79
31    <uses-permission android:name="android.permission.REQUEST_INSTALL_PACKAGES" />
31-->src\main\AndroidManifest.xml:20:5-83
31-->src\main\AndroidManifest.xml:20:22-80
32
33    <!-- Query all packages permission for launcher functionality -->
34    <uses-permission android:name="android.permission.QUERY_ALL_PACKAGES" />
34-->src\main\AndroidManifest.xml:23:5-77
34-->src\main\AndroidManifest.xml:23:22-74
35
36    <!-- Storage permissions for custom background images -->
37    <uses-permission android:name="android.permission.READ_EXTERNAL_STORAGE" />
37-->src\main\AndroidManifest.xml:26:5-80
37-->src\main\AndroidManifest.xml:26:22-77
38    <uses-permission android:name="android.permission.READ_MEDIA_IMAGES" />
38-->src\main\AndroidManifest.xml:27:5-76
38-->src\main\AndroidManifest.xml:27:22-73
39
40    <!-- NEW: Boot completed permission for auto-start -->
41    <uses-permission android:name="android.permission.RECEIVE_BOOT_COMPLETED" />
41-->src\main\AndroidManifest.xml:30:5-81
41-->src\main\AndroidManifest.xml:30:22-78
42
43    <!-- For Android 11+ to launch from background -->
44    <uses-permission android:name="android.permission.SYSTEM_ALERT_WINDOW" />
44-->src\main\AndroidManifest.xml:33:5-78
44-->src\main\AndroidManifest.xml:33:22-75
45
46    <!-- Battery stats for status bar -->
47    <uses-permission android:name="android.permission.BATTERY_STATS" />
47-->src\main\AndroidManifest.xml:36:5-72
47-->src\main\AndroidManifest.xml:36:22-69
48
49    <!-- USAGE STAT -->
50    <uses-permission android:name="android.permission.PACKAGE_USAGE_STATS" />
50-->src\main\AndroidManifest.xml:39:5-41:47
50-->src\main\AndroidManifest.xml:40:9-62
51
52    <!-- USED FOR SETTINGS BACKUP -->
53    <uses-permission android:name="android.permission.WRITE_EXTERNAL_STORAGE" />
53-->src\main\AndroidManifest.xml:44:5-81
53-->src\main\AndroidManifest.xml:44:22-78
54
55    <!-- NEW: For backup to /sdcard/ (Android 11+) -->
56    <uses-permission android:name="android.permission.MANAGE_EXTERNAL_STORAGE" />
56-->src\main\AndroidManifest.xml:47:5-82
56-->src\main\AndroidManifest.xml:47:22-79
57
58    <!-- NEW: VRShellMonitorService permissions -->
59    <uses-permission android:name="android.permission.FOREGROUND_SERVICE" />
59-->src\main\AndroidManifest.xml:50:5-77
59-->src\main\AndroidManifest.xml:50:22-74
60    <uses-permission android:name="android.permission.GET_TASKS" />
60-->src\main\AndroidManifest.xml:51:5-68
60-->src\main\AndroidManifest.xml:51:22-65
61    <uses-permission android:name="android.permission.FOREGROUND_SERVICE_DATA_SYNC" />
61-->src\main\AndroidManifest.xml:52:5-87
61-->src\main\AndroidManifest.xml:52:22-84
62
63    <!-- Shizuku - for shell-level command execution -->
64    <uses-permission android:name="moe.shizuku.manager.permission.API_V23" />
64-->src\main\AndroidManifest.xml:55:5-78
64-->src\main\AndroidManifest.xml:55:22-75
65
66    <queries>
66-->src\main\AndroidManifest.xml:57:5-67:15
67        <intent>
67-->src\main\AndroidManifest.xml:58:9-61:18
68            <action android:name="android.intent.action.MAIN" />
68-->src\main\AndroidManifest.xml:59:13-65
68-->src\main\AndroidManifest.xml:59:21-62
69
70            <category android:name="android.intent.category.LAUNCHER" />
70-->src\main\AndroidManifest.xml:60:13-73
70-->src\main\AndroidManifest.xml:60:23-70
71        </intent>
72        <!-- Required for native Settings access on Android 11+ (Quest 3/Pro) -->
73        <package android:name="com.android.settings" />
73-->src\main\AndroidManifest.xml:63:9-56
73-->src\main\AndroidManifest.xml:63:18-53
74        <!-- Required for Shizuku integration -->
75        <package android:name="moe.shizuku.privileged.api" />
75-->src\main\AndroidManifest.xml:65:9-62
75-->src\main\AndroidManifest.xml:65:18-59
76
77        <provider android:authorities="moe.shizuku.privileged.api" />
77-->src\main\AndroidManifest.xml:66:9-70
77-->src\main\AndroidManifest.xml:66:19-67
78    </queries>
79
80    <permission
80-->[androidx.core:core:1.12.0] AndroidManifest.xml:22:5-24:47
81        android:name="com.jarjarblinkz.EvolveLauncher.DYNAMIC_RECEIVER_NOT_EXPORTED_PERMISSION"
81-->[androidx.core:core:1.12.0] AndroidManifest.xml:23:9-81
82        android:protectionLevel="signature" />
82-->[androidx.core:core:1.12.0] AndroidManifest.xml:24:9-44
83
84    <uses-permission android:name="com.jarjarblinkz.EvolveLauncher.DYNAMIC_RECEIVER_NOT_EXPORTED_PERMISSION" />
84-->[androidx.core:core:1.12.0] AndroidManifest.xml:26:5-97
84-->[androidx.core:core:1.12.0] AndroidManifest.xml:26:22-94
85
86    <application
86-->src\main\AndroidManifest.xml:69:5-202:19
87        android:allowBackup="true"
87-->src\main\AndroidManifest.xml:71:9-35
88        android:appComponentFactory="androidx.core.app.CoreComponentFactory"
88-->[androidx.core:core:1.12.0] AndroidManifest.xml:28:18-86
89        android:debuggable="true"
90        android:extractNativeLibs="false"
91        android:hardwareAccelerated="true"
91-->src\main\AndroidManifest.xml:77:9-43
92        android:icon="@mipmap/ic_launcher"
92-->src\main\AndroidManifest.xml:72:9-43
93        android:label="@string/app_name"
93-->src\main\AndroidManifest.xml:74:9-41
94        android:requestLegacyExternalStorage="true"
94-->src\main\AndroidManifest.xml:70:9-52
95        android:roundIcon="@mipmap/ic_launcher_round"
95-->src\main\AndroidManifest.xml:73:9-54
96        android:supportsRtl="true"
96-->src\main\AndroidManifest.xml:76:9-35
97        android:testOnly="true"
98        android:theme="@style/Theme.Evolve_Launcher"
98-->src\main\AndroidManifest.xml:75:9-53
99        android:usesCleartextTraffic="true" >
99-->src\main\AndroidManifest.xml:78:9-44
100
101        <!-- Main VR Launcher Activity -->
102        <activity
102-->src\main\AndroidManifest.xml:82:9-104:20
103            android:name="com.jarjarblinkz.EvolveLauncher.MainActivity"
103-->src\main\AndroidManifest.xml:83:13-41
104            android:configChanges="orientation|screenSize|screenLayout|keyboardHidden|smallestScreenSize|density|uiMode"
104-->src\main\AndroidManifest.xml:89:13-121
105            android:exported="true"
105-->src\main\AndroidManifest.xml:84:13-36
106            android:launchMode="singleTask"
106-->src\main\AndroidManifest.xml:85:13-44
107            android:resizeableActivity="true"
107-->src\main\AndroidManifest.xml:87:13-46
108            android:screenOrientation="landscape"
108-->src\main\AndroidManifest.xml:86:13-50
109            android:supportsPictureInPicture="false" >
109-->src\main\AndroidManifest.xml:88:13-53
110            <intent-filter>
110-->src\main\AndroidManifest.xml:91:13-96:29
111                <action android:name="android.intent.action.MAIN" />
111-->src\main\AndroidManifest.xml:59:13-65
111-->src\main\AndroidManifest.xml:59:21-62
112
113                <category android:name="android.intent.category.LAUNCHER" />
113-->src\main\AndroidManifest.xml:60:13-73
113-->src\main\AndroidManifest.xml:60:23-70
114                <category android:name="android.intent.category.HOME" />
114-->src\main\AndroidManifest.xml:94:17-73
114-->src\main\AndroidManifest.xml:94:27-70
115                <category android:name="android.intent.category.DEFAULT" />
115-->src\main\AndroidManifest.xml:95:17-76
115-->src\main\AndroidManifest.xml:95:27-73
116            </intent-filter>
117
118            <!-- VR-specific metadata -->
119            <meta-data
119-->src\main\AndroidManifest.xml:99:13-87
120                android:name="com.oculus.vr.focusaware"
120-->src\main\AndroidManifest.xml:99:24-63
121                android:value="true" />
121-->src\main\AndroidManifest.xml:99:64-84
122            <meta-data
122-->src\main\AndroidManifest.xml:100:13-82
123                android:name="com.oculus.forced3d"
123-->src\main\AndroidManifest.xml:100:24-58
124                android:value="true" />
124-->src\main\AndroidManifest.xml:100:59-79
125
126            <!-- Quest panel positioning - center the window in Horizon Home -->
127            <layout android:gravity="center" />
127-->src\main\AndroidManifest.xml:103:13-48
127-->src\main\AndroidManifest.xml:103:21-45
128        </activity>
129        <activity
129-->src\main\AndroidManifest.xml:106:9-109:40
130            android:name="com.jarjarblinkz.EvolveLauncher.PlaytimeStatsActivity"
130-->src\main\AndroidManifest.xml:107:13-50
131            android:exported="false"
131-->src\main\AndroidManifest.xml:109:13-37
132            android:theme="@style/Theme.Evolve_Launcher" />
132-->src\main\AndroidManifest.xml:108:13-57
133
134        <!-- Settings Activity - UPDATED FOR DIALOG STYLE -->
135        <activity
135-->src\main\AndroidManifest.xml:112:9-117:70
136            android:name="com.jarjarblinkz.EvolveLauncher.SettingsActivity"
136-->src\main\AndroidManifest.xml:113:13-45
137            android:exported="false"
137-->src\main\AndroidManifest.xml:114:13-37
138            android:screenOrientation="landscape"
138-->src\main\AndroidManifest.xml:116:13-50
139            android:theme="@style/Theme.AppCompat.Dialog"
139-->src\main\AndroidManifest.xml:115:13-58
140            android:windowSoftInputMode="stateHidden|adjustResize" />
140-->src\main\AndroidManifest.xml:117:13-67
141
142        <!-- Bundled Apps Installer Activity -->
143        <activity
143-->src\main\AndroidManifest.xml:120:9-125:70
144            android:name="com.jarjarblinkz.EvolveLauncher.BundledAppsActivity"
144-->src\main\AndroidManifest.xml:121:13-48
145            android:exported="false"
145-->src\main\AndroidManifest.xml:122:13-37
146            android:screenOrientation="landscape"
146-->src\main\AndroidManifest.xml:124:13-50
147            android:theme="@style/Theme.AppCompat.Dialog"
147-->src\main\AndroidManifest.xml:123:13-58
148            android:windowSoftInputMode="stateHidden|adjustResize" />
148-->src\main\AndroidManifest.xml:125:13-67
149
150        <!-- App Manager - List sideloaded apps with clear data/cache buttons -->
151        <activity
151-->src\main\AndroidManifest.xml:128:9-133:70
152            android:name="com.jarjarblinkz.EvolveLauncher.AppManagerActivity"
152-->src\main\AndroidManifest.xml:129:13-47
153            android:exported="false"
153-->src\main\AndroidManifest.xml:130:13-37
154            android:screenOrientation="landscape"
154-->src\main\AndroidManifest.xml:132:13-50
155            android:theme="@style/Theme.AppCompat.Dialog"
155-->src\main\AndroidManifest.xml:131:13-58
156            android:windowSoftInputMode="stateHidden|adjustResize" />
156-->src\main\AndroidManifest.xml:133:13-67
157
158        <!-- Settings Action Test Activity -->
159        <activity
159-->src\main\AndroidManifest.xml:136:9-140:53
160            android:name="com.jarjarblinkz.EvolveLauncher.SettingsActionTestActivity"
160-->src\main\AndroidManifest.xml:137:13-55
161            android:exported="false"
161-->src\main\AndroidManifest.xml:138:13-37
162            android:screenOrientation="landscape"
162-->src\main\AndroidManifest.xml:140:13-50
163            android:theme="@style/Theme.AppCompat.Dialog" />
163-->src\main\AndroidManifest.xml:139:13-58
164        <activity
164-->src\main\AndroidManifest.xml:142:9-145:40
165            android:name="com.jarjarblinkz.EvolveLauncher.DeviceInfoActivity"
165-->src\main\AndroidManifest.xml:143:13-47
166            android:exported="false"
166-->src\main\AndroidManifest.xml:145:13-37
167            android:theme="@style/Theme.Evolve_Launcher" />
167-->src\main\AndroidManifest.xml:144:13-57
168
169        <!-- App Change Receiver - MUST be exported to receive system broadcasts -->
170        <receiver
170-->src\main\AndroidManifest.xml:148:9-162:20
171            android:name="com.jarjarblinkz.EvolveLauncher.AppChangeReceiver"
171-->src\main\AndroidManifest.xml:149:13-46
172            android:enabled="true"
172-->src\main\AndroidManifest.xml:150:13-35
173            android:exported="true" >
173-->src\main\AndroidManifest.xml:151:13-36
174            <intent-filter>
174-->src\main\AndroidManifest.xml:152:13-161:29
175
176                <!-- Detect when apps are installed -->
177                <action android:name="android.intent.action.PACKAGE_ADDED" />
177-->src\main\AndroidManifest.xml:154:17-78
177-->src\main\AndroidManifest.xml:154:25-75
178                <!-- Detect when apps are uninstalled -->
179                <action android:name="android.intent.action.PACKAGE_REMOVED" />
179-->src\main\AndroidManifest.xml:156:17-80
179-->src\main\AndroidManifest.xml:156:25-77
180                <!-- Detect when apps are updated -->
181                <action android:name="android.intent.action.PACKAGE_REPLACED" />
181-->src\main\AndroidManifest.xml:158:17-81
181-->src\main\AndroidManifest.xml:158:25-78
182                <!-- Required to get the package name -->
183                <data android:scheme="package" />
183-->src\main\AndroidManifest.xml:160:17-50
183-->src\main\AndroidManifest.xml:160:23-47
184            </intent-filter>
185        </receiver>
186
187        <!-- NEW: Boot Receiver - Auto-start on device boot -->
188        <receiver
188-->src\main\AndroidManifest.xml:165:9-173:20
189            android:name="com.jarjarblinkz.EvolveLauncher.BootReceiver"
189-->src\main\AndroidManifest.xml:166:13-41
190            android:enabled="true"
190-->src\main\AndroidManifest.xml:167:13-35
191            android:exported="true" >
191-->src\main\AndroidManifest.xml:168:13-36
192            <intent-filter>
192-->src\main\AndroidManifest.xml:169:13-172:29
193                <action android:name="android.intent.action.BOOT_COMPLETED" />
193-->src\main\AndroidManifest.xml:170:17-79
193-->src\main\AndroidManifest.xml:170:25-76
194
195                <category android:name="android.intent.category.DEFAULT" />
195-->src\main\AndroidManifest.xml:95:17-76
195-->src\main\AndroidManifest.xml:95:27-73
196            </intent-filter>
197        </receiver>
198
199        <!-- NEW: VR Shell Monitor Service - Auto-restart launcher -->
200        <service
200-->src\main\AndroidManifest.xml:176:9-180:56
201            android:name="com.jarjarblinkz.EvolveLauncher.VRShellMonitorService"
201-->src\main\AndroidManifest.xml:177:13-50
202            android:enabled="true"
202-->src\main\AndroidManifest.xml:178:13-35
203            android:exported="false"
203-->src\main\AndroidManifest.xml:179:13-37
204            android:foregroundServiceType="dataSync" />
204-->src\main\AndroidManifest.xml:180:13-53
205
206        <!-- FileProvider for APK installation -->
207        <provider
208            android:name="androidx.core.content.FileProvider"
208-->src\main\AndroidManifest.xml:184:13-62
209            android:authorities="com.jarjarblinkz.EvolveLauncher.fileprovider"
209-->src\main\AndroidManifest.xml:185:13-64
210            android:exported="false"
210-->src\main\AndroidManifest.xml:186:13-37
211            android:grantUriPermissions="true" >
211-->src\main\AndroidManifest.xml:187:13-47
212            <meta-data
212-->src\main\AndroidManifest.xml:188:13-190:54
213                android:name="android.support.FILE_PROVIDER_PATHS"
213-->src\main\AndroidManifest.xml:189:17-67
214                android:resource="@xml/file_paths" />
214-->src\main\AndroidManifest.xml:190:17-51
215        </provider>
216
217        <!-- Shizuku Provider - REQUIRED for Shizuku to connect to this app -->
218        <provider
219            android:name="rikka.shizuku.ShizukuProvider"
219-->src\main\AndroidManifest.xml:195:13-57
220            android:authorities="com.jarjarblinkz.EvolveLauncher.shizuku"
220-->src\main\AndroidManifest.xml:196:13-59
221            android:enabled="true"
221-->src\main\AndroidManifest.xml:198:13-35
222            android:exported="true"
222-->src\main\AndroidManifest.xml:199:13-36
223            android:multiprocess="false"
223-->src\main\AndroidManifest.xml:197:13-41
224            android:permission="android.permission.INTERACT_ACROSS_USERS_FULL" />
224-->src\main\AndroidManifest.xml:200:13-79
225
226        <meta-data
226-->[dev.rikka.shizuku:provider:13.1.5] AndroidManifest.xml:11:9-13:36
227            android:name="moe.shizuku.client.V3_SUPPORT"
227-->[dev.rikka.shizuku:provider:13.1.5] AndroidManifest.xml:12:13-57
228            android:value="true" />
228-->[dev.rikka.shizuku:provider:13.1.5] AndroidManifest.xml:13:13-33
229
230        <provider
230-->[androidx.emoji2:emoji2:1.2.0] AndroidManifest.xml:24:9-32:20
231            android:name="androidx.startup.InitializationProvider"
231-->[androidx.emoji2:emoji2:1.2.0] AndroidManifest.xml:25:13-67
232            android:authorities="com.jarjarblinkz.EvolveLauncher.androidx-startup"
232-->[androidx.emoji2:emoji2:1.2.0] AndroidManifest.xml:26:13-68
233            android:exported="false" >
233-->[androidx.emoji2:emoji2:1.2.0] AndroidManifest.xml:27:13-37
234            <meta-data
234-->[androidx.emoji2:emoji2:1.2.0] AndroidManifest.xml:29:13-31:52
235                android:name="androidx.emoji2.text.EmojiCompatInitializer"
235-->[androidx.emoji2:emoji2:1.2.0] AndroidManifest.xml:30:17-75
236                android:value="androidx.startup" />
236-->[androidx.emoji2:emoji2:1.2.0] AndroidManifest.xml:31:17-49
237            <meta-data
237-->[androidx.lifecycle:lifecycle-process:2.6.1] AndroidManifest.xml:29:13-31:52
238                android:name="androidx.lifecycle.ProcessLifecycleInitializer"
238-->[androidx.lifecycle:lifecycle-process:2.6.1] AndroidManifest.xml:30:17-78
239                android:value="androidx.startup" />
239-->[androidx.lifecycle:lifecycle-process:2.6.1] AndroidManifest.xml:31:17-49
240            <meta-data
240-->[androidx.profileinstaller:profileinstaller:1.3.0] AndroidManifest.xml:29:13-31:52
241                android:name="androidx.profileinstaller.ProfileInstallerInitializer"
241-->[androidx.profileinstaller:profileinstaller:1.3.0] AndroidManifest.xml:30:17-85
242                android:value="androidx.startup" />
242-->[androidx.profileinstaller:profileinstaller:1.3.0] AndroidManifest.xml:31:17-49
243        </provider>
244
245        <receiver
245-->[androidx.profileinstaller:profileinstaller:1.3.0] AndroidManifest.xml:34:9-52:20
246            android:name="androidx.profileinstaller.ProfileInstallReceiver"
246-->[androidx.profileinstaller:profileinstaller:1.3.0] AndroidManifest.xml:35:13-76
247            android:directBootAware="false"
247-->[androidx.profileinstaller:profileinstaller:1.3.0] AndroidManifest.xml:36:13-44
248            android:enabled="true"
248-->[androidx.profileinstaller:profileinstaller:1.3.0] AndroidManifest.xml:37:13-35
249            android:exported="true"
249-->[androidx.profileinstaller:profileinstaller:1.3.0] AndroidManifest.xml:38:13-36
250            android:permission="android.permission.DUMP" >
250-->[androidx.profileinstaller:profileinstaller:1.3.0] AndroidManifest.xml:39:13-57
251            <intent-filter>
251-->[androidx.profileinstaller:profileinstaller:1.3.0] AndroidManifest.xml:40:13-42:29
252                <action android:name="androidx.profileinstaller.action.INSTALL_PROFILE" />
252-->[androidx.profileinstaller:profileinstaller:1.3.0] AndroidManifest.xml:41:17-91
252-->[androidx.profileinstaller:profileinstaller:1.3.0] AndroidManifest.xml:41:25-88
253            </intent-filter>
254            <intent-filter>
254-->[androidx.profileinstaller:profileinstaller:1.3.0] AndroidManifest.xml:43:13-45:29
255                <action android:name="androidx.profileinstaller.action.SKIP_FILE" />
255-->[androidx.profileinstaller:profileinstaller:1.3.0] AndroidManifest.xml:44:17-85
255-->[androidx.profileinstaller:profileinstaller:1.3.0] AndroidManifest.xml:44:25-82
256            </intent-filter>
257            <intent-filter>
257-->[androidx.profileinstaller:profileinstaller:1.3.0] AndroidManifest.xml:46:13-48:29
258                <action android:name="androidx.profileinstaller.action.SAVE_PROFILE" />
258-->[androidx.profileinstaller:profileinstaller:1.3.0] AndroidManifest.xml:47:17-88
258-->[androidx.profileinstaller:profileinstaller:1.3.0] AndroidManifest.xml:47:25-85
259            </intent-filter>
260            <intent-filter>
260-->[androidx.profileinstaller:profileinstaller:1.3.0] AndroidManifest.xml:49:13-51:29
261                <action android:name="androidx.profileinstaller.action.BENCHMARK_OPERATION" />
261-->[androidx.profileinstaller:profileinstaller:1.3.0] AndroidManifest.xml:50:17-95
261-->[androidx.profileinstaller:profileinstaller:1.3.0] AndroidManifest.xml:50:25-92
262            </intent-filter>
263        </receiver>
264    </application>
265
266</manifest>